/home/user/lau_ws/install/my_robot_controller/lib/python3.10/site-packages/my_robot_controller/my_subscriber.py
/home/user/lau_ws/install/my_robot_controller/lib/python3.10/site-packages/my_robot_controller/__init__.py
/home/user/lau_ws/install/my_robot_controller/lib/python3.10/site-packages/my_robot_controller/my_first_node.py
/home/user/lau_ws/install/my_robot_controller/lib/python3.10/site-packages/my_robot_controller/my_publisher.py
/home/user/lau_ws/install/my_robot_controller/lib/python3.10/site-packages/my_robot_controller/__pycache__/my_subscriber.cpython-310.pyc
/home/user/lau_ws/install/my_robot_controller/lib/python3.10/site-packages/my_robot_controller/__pycache__/__init__.cpython-310.pyc
/home/user/lau_ws/install/my_robot_controller/lib/python3.10/site-packages/my_robot_controller/__pycache__/my_first_node.cpython-310.pyc
/home/user/lau_ws/install/my_robot_controller/lib/python3.10/site-packages/my_robot_controller/__pycache__/my_publisher.cpython-310.pyc
/home/user/lau_ws/install/my_robot_controller/share/ament_index/resource_index/packages/my_robot_controller
/home/user/lau_ws/install/my_robot_controller/share/my_robot_controller/package.xml
/home/user/lau_ws/install/my_robot_controller/lib/python3.10/site-packages/my_robot_controller-0.1.0-py3.10.egg-info/PKG-INFO
/home/user/lau_ws/install/my_robot_controller/lib/python3.10/site-packages/my_robot_controller-0.1.0-py3.10.egg-info/zip-safe
/home/user/lau_ws/install/my_robot_controller/lib/python3.10/site-packages/my_robot_controller-0.1.0-py3.10.egg-info/top_level.txt
/home/user/lau_ws/install/my_robot_controller/lib/python3.10/site-packages/my_robot_controller-0.1.0-py3.10.egg-info/requires.txt
/home/user/lau_ws/install/my_robot_controller/lib/python3.10/site-packages/my_robot_controller-0.1.0-py3.10.egg-info/entry_points.txt
/home/user/lau_ws/install/my_robot_controller/lib/python3.10/site-packages/my_robot_controller-0.1.0-py3.10.egg-info/SOURCES.txt
/home/user/lau_ws/install/my_robot_controller/lib/python3.10/site-packages/my_robot_controller-0.1.0-py3.10.egg-info/dependency_links.txt
/home/user/lau_ws/install/my_robot_controller/lib/my_robot_controller/my_first_node
/home/user/lau_ws/install/my_robot_controller/lib/my_robot_controller/my_publisher
/home/user/lau_ws/install/my_robot_controller/lib/my_robot_controller/my_subscriber
