running develop
running egg_info
writing manifest file '../../build/my_robot_controller/my_robot_controller.egg-info/SOURCES.txt'
running build
running build_py
creating /home/user/lau_ws/build/my_robot_controller/build
creating /home/user/lau_ws/build/my_robot_controller/build/lib
creating /home/user/lau_ws/build/my_robot_controller/build/lib/my_robot_controller
copying my_robot_controller/subscriber.py -> /home/user/lau_ws/build/my_robot_controller/build/lib/my_robot_controller
copying my_robot_controller/__init__.py -> /home/user/lau_ws/build/my_robot_controller/build/lib/my_robot_controller
copying my_robot_controller/publisher.py -> /home/user/lau_ws/build/my_robot_controller/build/lib/my_robot_controller
copying my_robot_controller/my_first_node.py -> /home/user/lau_ws/build/my_robot_controller/build/lib/my_robot_controller
running install
running install_lib
creating /home/user/lau_ws/install/my_robot_controller/lib/python3.10/site-packages/my_robot_controller
byte-compiling /home/user/lau_ws/install/my_robot_controller/lib/python3.10/site-packages/my_robot_controller/subscriber.py to subscriber.cpython-310.pyc
byte-compiling /home/user/lau_ws/install/my_robot_controller/lib/python3.10/site-packages/my_robot_controller/__init__.py to __init__.cpython-310.pyc
byte-compiling /home/user/lau_ws/install/my_robot_controller/lib/python3.10/site-packages/my_robot_controller/publisher.py to publisher.cpython-310.pyc
byte-compiling /home/user/lau_ws/install/my_robot_controller/lib/python3.10/site-packages/my_robot_controller/my_first_node.py to my_first_node.cpython-310.pyc
running install_data
copying resource/my_robot_controller -> /home/user/lau_ws/install/my_robot_controller/share/ament_index/resource_index/packages
copying package.xml -> /home/user/lau_ws/install/my_robot_controller/share/my_robot_controller
running install_egg_info
Copying ../../build/my_robot_controller/my_robot_controller.egg-info to /home/user/lau_ws/install/my_robot_controller/lib/python3.10/site-packages/my_robot_controller-0.1.0-py3.10.egg-info
running install_scripts
writing list of installed files to '/home/user/lau_ws/build/my_robot_controller/install.log'
