[0.838s] Invoking command in '/home/user/lau_ws/build/my_robot_controller': PYTHONPATH=/home/user/lau_ws/build/my_robot_controller/prefix_override:/usr/lib/python3/dist-packages/colcon_core/task/python/colcon_distutils_commands:/home/user/lau_ws/install/my_robot_controller/lib/python3.10/site-packages:${PYTHONPATH} _=/usr/bin/env /usr/bin/python3 -W ignore:setup.py install is deprecated -W ignore:easy_install command is deprecated setup.py develop --uninstall --editable --build-directory /home/user/lau_ws/build/my_robot_controller/build
[1.183s] running develop
[1.453s] Invoked command in '/home/user/lau_ws/build/my_robot_controller' returned '0': PYTHONPATH=/home/user/lau_ws/build/my_robot_controller/prefix_override:/usr/lib/python3/dist-packages/colcon_core/task/python/colcon_distutils_commands:/home/user/lau_ws/install/my_robot_controller/lib/python3.10/site-packages:${PYTHONPATH} _=/usr/bin/env /usr/bin/python3 -W ignore:setup.py install is deprecated -W ignore:easy_install command is deprecated setup.py develop --uninstall --editable --build-directory /home/user/lau_ws/build/my_robot_controller/build
[1.455s] Invoking command in '/home/user/lau_ws/src/my_robot_controller': PYTHONPATH=/home/user/lau_ws/build/my_robot_controller/prefix_override:/usr/lib/python3/dist-packages/colcon_core/task/python/colcon_distutils_commands:/home/user/lau_ws/install/my_robot_controller/lib/python3.10/site-packages:${PYTHONPATH} _=/usr/bin/env /usr/bin/python3 -W ignore:setup.py install is deprecated -W ignore:easy_install command is deprecated setup.py egg_info --egg-base ../../build/my_robot_controller build --build-base /home/user/lau_ws/build/my_robot_controller/build install --record /home/user/lau_ws/build/my_robot_controller/install.log --single-version-externally-managed install_data --force
[1.759s] running egg_info
[1.764s] writing manifest file '../../build/my_robot_controller/my_robot_controller.egg-info/SOURCES.txt'
[1.765s] running build
[1.765s] running build_py
[1.765s] creating /home/user/lau_ws/build/my_robot_controller/build
[1.765s] creating /home/user/lau_ws/build/my_robot_controller/build/lib
[1.765s] creating /home/user/lau_ws/build/my_robot_controller/build/lib/my_robot_controller
[1.765s] copying my_robot_controller/subscriber.py -> /home/user/lau_ws/build/my_robot_controller/build/lib/my_robot_controller
[1.765s] copying my_robot_controller/__init__.py -> /home/user/lau_ws/build/my_robot_controller/build/lib/my_robot_controller
[1.765s] copying my_robot_controller/publisher.py -> /home/user/lau_ws/build/my_robot_controller/build/lib/my_robot_controller
[1.766s] copying my_robot_controller/my_first_node.py -> /home/user/lau_ws/build/my_robot_controller/build/lib/my_robot_controller
[1.766s] running install
[1.767s] running install_lib
[1.768s] creating /home/user/lau_ws/install/my_robot_controller/lib/python3.10/site-packages/my_robot_controller
[1.769s] byte-compiling /home/user/lau_ws/install/my_robot_controller/lib/python3.10/site-packages/my_robot_controller/subscriber.py to subscriber.cpython-310.pyc
[1.769s] byte-compiling /home/user/lau_ws/install/my_robot_controller/lib/python3.10/site-packages/my_robot_controller/__init__.py to __init__.cpython-310.pyc
[1.770s] byte-compiling /home/user/lau_ws/install/my_robot_controller/lib/python3.10/site-packages/my_robot_controller/publisher.py to publisher.cpython-310.pyc
[1.770s] byte-compiling /home/user/lau_ws/install/my_robot_controller/lib/python3.10/site-packages/my_robot_controller/my_first_node.py to my_first_node.cpython-310.pyc
[1.770s] running install_data
[1.770s] copying resource/my_robot_controller -> /home/user/lau_ws/install/my_robot_controller/share/ament_index/resource_index/packages
[1.770s] copying package.xml -> /home/user/lau_ws/install/my_robot_controller/share/my_robot_controller
[1.771s] running install_egg_info
[1.772s] Copying ../../build/my_robot_controller/my_robot_controller.egg-info to /home/user/lau_ws/install/my_robot_controller/lib/python3.10/site-packages/my_robot_controller-0.1.0-py3.10.egg-info
[1.773s] running install_scripts
[1.795s] writing list of installed files to '/home/user/lau_ws/build/my_robot_controller/install.log'
[1.822s] Invoked command in '/home/user/lau_ws/src/my_robot_controller' returned '0': PYTHONPATH=/home/user/lau_ws/build/my_robot_controller/prefix_override:/usr/lib/python3/dist-packages/colcon_core/task/python/colcon_distutils_commands:/home/user/lau_ws/install/my_robot_controller/lib/python3.10/site-packages:${PYTHONPATH} _=/usr/bin/env /usr/bin/python3 -W ignore:setup.py install is deprecated -W ignore:easy_install command is deprecated setup.py egg_info --egg-base ../../build/my_robot_controller build --build-base /home/user/lau_ws/build/my_robot_controller/build install --record /home/user/lau_ws/build/my_robot_controller/install.log --single-version-externally-managed install_data --force
