running egg_info
writing ../../build/my_robot_controller/my_robot_controller.egg-info/PKG-INFO
writing dependency_links to ../../build/my_robot_controller/my_robot_controller.egg-info/dependency_links.txt
writing entry points to ../../build/my_robot_controller/my_robot_controller.egg-info/entry_points.txt
writing requirements to ../../build/my_robot_controller/my_robot_controller.egg-info/requires.txt
writing top-level names to ../../build/my_robot_controller/my_robot_controller.egg-info/top_level.txt
reading manifest file '../../build/my_robot_controller/my_robot_controller.egg-info/SOURCES.txt'
writing manifest file '../../build/my_robot_controller/my_robot_controller.egg-info/SOURCES.txt'
running build
running build_py
running install
running install_lib
running install_data
running install_egg_info
removing '/home/robofei/Documents/Ros2_basic/lau_ws/install/my_robot_controller/lib/python3.10/site-packages/my_robot_controller-0.1.0-py3.10.egg-info' (and everything under it)
Copying ../../build/my_robot_controller/my_robot_controller.egg-info to /home/robofei/Documents/Ros2_basic/lau_ws/install/my_robot_controller/lib/python3.10/site-packages/my_robot_controller-0.1.0-py3.10.egg-info
running install_scripts
Installing my_first_node script to /home/robofei/Documents/Ros2_basic/lau_ws/install/my_robot_controller/lib/my_robot_controller
Installing my_publisher script to /home/robofei/Documents/Ros2_basic/lau_ws/install/my_robot_controller/lib/my_robot_controller
Installing my_subscriber script to /home/robofei/Documents/Ros2_basic/lau_ws/install/my_robot_controller/lib/my_robot_controller
Installing transcrever script to /home/robofei/Documents/Ros2_basic/lau_ws/install/my_robot_controller/lib/my_robot_controller
writing list of installed files to '/home/robofei/Documents/Ros2_basic/lau_ws/build/my_robot_controller/install.log'
